La génération a démarré 30/05/2016 20:29:33.
     1>Projet "C:\Users\¢ombre\Documents\Visual Studio 2010\Projects\Scrabble\Scrabble\Scrabble.vcxproj" sur le nœud 2 (rebuild cible(s)).
     1>_PrepareForClean:
         Suppression du fichier "Debug\Scrabble.lastbuildstate".
       InitializeBuildStatus:
         Création de "Debug\Scrabble.unsuccessfulbuild", car "AlwaysCreate" a été spécifié.
       ClCompile:
         C:\Program Files (x86)\Microsoft Visual Studio 10.0\VC\bin\CL.exe /c /I"C:\Users\¢ombre\Documents\Visual Studio 2010\Projects\Libraries-SDL2\SDL2-2.0.3\include" /I"C:\Users\¢ombre\Documents\Visual Studio 2010\Projects\Libraries-SDL2\SDL2_image-2.0.0\include" /I"C:\Users\¢ombre\Documents\Visual Studio 2010\Projects\Libraries-SDL2\SDL2_mixer-2.0.0\include" /I"C:\Users\¢ombre\Documents\Visual Studio 2010\Projects\Libraries-SDL2\SDL2_ttf-2.0.12\include" /ZI /nologo /W3 /WX- /Od /Oy- /D WIN32 /D _DEBUG /D _CONSOLE /D _UNICODE /D UNICODE /Gm /EHsc /RTC1 /MDd /GS /fp:precise /Zc:wchar_t /Zc:forScope /Fo"Debug\\" /Fd"Debug\vc100.pdb" /Gd /TP /wd4075 /wd4098 /analyze- /errorReport:prompt Deck.cpp Dictionary.cpp Main.cpp Scrabble.cpp SDL_Setup.cpp Sprite.cpp TextSprite.cpp Tiles.cpp
         Tiles.cpp
         TextSprite.cpp
         Sprite.cpp
         SDL_Setup.cpp
         Scrabble.cpp
         Main.cpp
         Dictionary.cpp
         Deck.cpp
         Génération de code en cours...
       Link:
         C:\Program Files (x86)\Microsoft Visual Studio 10.0\VC\bin\link.exe /ERRORREPORT:PROMPT /OUT:"C:\Users\¢ombre\Documents\Visual Studio 2010\Projects\Scrabble\Debug\Scrabble.exe" /INCREMENTAL:NO /NOLOGO /LIBPATH:"C:\Users\¢ombre\Documents\Visual Studio 2010\Projects\Libraries-SDL2\SDL2-2.0.3\lib\x86" /LIBPATH:"C:\Users\¢ombre\Documents\Visual Studio 2010\Projects\Libraries-SDL2\SDL2_image-2.0.0\lib\x86" /LIBPATH:"C:\Users\¢ombre\Documents\Visual Studio 2010\Projects\Libraries-SDL2\SDL2_mixer-2.0.0\lib\x86" /LIBPATH:"C:\Users\¢ombre\Documents\Visual Studio 2010\Projects\Libraries-SDL2\SDL2_ttf-2.0.12\lib\x86" SDL2.lib SDL2main.lib SDL2_image.lib SDL2_mixer.lib SDL2_ttf.lib comdlg32.lib /MANIFEST:NO /DEBUG /PDB:"C:\Users\¢ombre\Documents\Visual Studio 2010\Projects\Scrabble\Debug\Scrabble.pdb" /SUBSYSTEM:CONSOLE /TLBID:1 /DYNAMICBASE /NXCOMPAT /IMPLIB:"C:\Users\¢ombre\Documents\Visual Studio 2010\Projects\Scrabble\Debug\Scrabble.lib" /MACHINE:X86 Debug\Deck.obj
         Debug\Dictionary.obj
         Debug\Main.obj
         Debug\Scrabble.obj
         Debug\SDL_Setup.obj
         Debug\Sprite.obj
         Debug\TextSprite.obj
         Debug\Tiles.obj  /ignore:4098
     1>Deck.obj : warning LNK4075: ' /EDITANDCONTINUE' ignoré à cause de la spécification '/INCREMENTAL:NO'
         Scrabble.vcxproj -> C:\Users\¢ombre\Documents\Visual Studio 2010\Projects\Scrabble\Debug\Scrabble.exe
       FinalizeBuildStatus:
         Suppression du fichier "Debug\Scrabble.unsuccessfulbuild".
         Mise à jour de l'horodatage "Debug\Scrabble.lastbuildstate".
     1>Génération du projet "C:\Users\¢ombre\Documents\Visual Studio 2010\Projects\Scrabble\Scrabble\Scrabble.vcxproj" terminée (rebuild cible(s)).

La génération a réussi.

Temps écoulé 00:00:08.19
