C:\USERS\¢OMBRE\DOCUMENTS\VISUAL STUDIO 2010\PROJECTS\SCRABBLE\RELEASE\SCRABBLE.EXE
C:\USERS\¢OMBRE\DOCUMENTS\VISUAL STUDIO 2010\PROJECTS\SCRABBLE\RELEASE\SCRABBLE.PDB
C:\Users\¢ombre\documents\visual studio 2010\Projects\Scrabble\Scrabble\Release\cl.command.1.tlog
C:\Users\¢ombre\documents\visual studio 2010\Projects\Scrabble\Scrabble\Release\CL.read.1.tlog
C:\Users\¢ombre\documents\visual studio 2010\Projects\Scrabble\Scrabble\Release\CL.write.1.tlog
C:\USERS\¢OMBRE\DOCUMENTS\VISUAL STUDIO 2010\PROJECTS\SCRABBLE\SCRABBLE\RELEASE\DECK.OBJ
C:\USERS\¢OMBRE\DOCUMENTS\VISUAL STUDIO 2010\PROJECTS\SCRABBLE\SCRABBLE\RELEASE\DICTIONARY.OBJ
C:\Users\¢ombre\documents\visual studio 2010\Projects\Scrabble\Scrabble\Release\link.command.1.tlog
C:\Users\¢ombre\documents\visual studio 2010\Projects\Scrabble\Scrabble\Release\link.read.1.tlog
C:\Users\¢ombre\documents\visual studio 2010\Projects\Scrabble\Scrabble\Release\link.write.1.tlog
C:\USERS\¢OMBRE\DOCUMENTS\VISUAL STUDIO 2010\PROJECTS\SCRABBLE\SCRABBLE\RELEASE\MAIN.OBJ
C:\Users\¢ombre\documents\visual studio 2010\Projects\Scrabble\Scrabble\Release\mt.command.1.tlog
C:\Users\¢ombre\documents\visual studio 2010\Projects\Scrabble\Scrabble\Release\mt.read.1.tlog
C:\Users\¢ombre\documents\visual studio 2010\Projects\Scrabble\Scrabble\Release\mt.write.1.tlog
C:\USERS\¢OMBRE\DOCUMENTS\VISUAL STUDIO 2010\PROJECTS\SCRABBLE\SCRABBLE\RELEASE\SCRABBLE.EXE.INTERMEDIATE.MANIFEST
C:\USERS\¢OMBRE\DOCUMENTS\VISUAL STUDIO 2010\PROJECTS\SCRABBLE\SCRABBLE\RELEASE\SCRABBLE.OBJ
C:\Users\¢ombre\documents\visual studio 2010\Projects\Scrabble\Scrabble\Release\Scrabble.vcxprojResolveAssemblyReference.cache
C:\Users\¢ombre\documents\visual studio 2010\Projects\Scrabble\Scrabble\Release\Scrabble.write.1.tlog
C:\USERS\¢OMBRE\DOCUMENTS\VISUAL STUDIO 2010\PROJECTS\SCRABBLE\SCRABBLE\RELEASE\SDL_SETUP.OBJ
C:\USERS\¢OMBRE\DOCUMENTS\VISUAL STUDIO 2010\PROJECTS\SCRABBLE\SCRABBLE\RELEASE\SPRITE.OBJ
C:\USERS\¢OMBRE\DOCUMENTS\VISUAL STUDIO 2010\PROJECTS\SCRABBLE\SCRABBLE\RELEASE\TEXTSPRITE.OBJ
C:\USERS\¢OMBRE\DOCUMENTS\VISUAL STUDIO 2010\PROJECTS\SCRABBLE\SCRABBLE\RELEASE\TILES.OBJ
C:\USERS\¢OMBRE\DOCUMENTS\VISUAL STUDIO 2010\PROJECTS\SCRABBLE\SCRABBLE\RELEASE\VC100.PDB
